<?xml version="1.0" encoding="UTF-8"?>
<testsuite name="htwwebtech.webtech.WebtechApplicationTests" tests="1" skipped="0" failures="0" errors="0" timestamp="2025-11-27T18:24:39.295Z" hostname="MBP-von-macbook.fritz.box" time="0.686">
  <properties/>
  <testcase name="contextLoads()" classname="htwwebtech.webtech.WebtechApplicationTests" time="0.686"/>
  <system-out><![CDATA[19:24:37.402 [Test worker] INFO org.springframework.test.context.support.AnnotationConfigContextLoaderUtils -- Could not detect default configuration classes for test class [htwwebtech.webtech.WebtechApplicationTests]: WebtechApplicationTests does not declare any static, non-private, non-final, nested classes annotated with @Configuration.
19:24:37.527 [Test worker] INFO org.springframework.boot.test.context.SpringBootTestContextBootstrapper -- Found @SpringBootConfiguration htwwebtech.webtech.WebtechApplication for test class htwwebtech.webtech.WebtechApplicationTests

  .   ____          _            __ _ _
 /\\ / ___'_ __ _ _(_)_ __  __ _ \ \ \ \
( ( )\___ | '_ | '_| | '_ \/ _` | \ \ \ \
 \\/  ___)| |_)| | | | | || (_| |  ) ) ) )
  '  |____| .__|_| |_|_| |_\__, | / / / /
 =========|_|==============|___/=/_/_/_/

 :: Spring Boot ::                (v3.5.6)

2025-11-27T19:24:38.012+01:00  INFO 4260 --- [webtech] [    Test worker] h.webtech.WebtechApplicationTests        : Starting WebtechApplicationTests using Java 21.0.7 with PID 4260 (started by macbook in /Users/macbook/Desktop/klausur-pz2-enrico20020/webtech-backend)
2025-11-27T19:24:38.013+01:00  INFO 4260 --- [webtech] [    Test worker] h.webtech.WebtechApplicationTests        : No active profile set, falling back to 1 default profile: "default"
2025-11-27T19:24:39.279+01:00  INFO 4260 --- [webtech] [    Test worker] h.webtech.WebtechApplicationTests        : Started WebtechApplicationTests in 1.591 seconds (process running for 2.778)
]]></system-out>
  <system-err><![CDATA[Mockito is currently self-attaching to enable the inline-mock-maker. This will no longer work in future releases of the JDK. Please add Mockito as an agent to your build as described in Mockito's documentation: https://javadoc.io/doc/org.mockito/mockito-core/latest/org.mockito/org/mockito/Mockito.html#0.3
WARNING: A Java agent has been loaded dynamically (/Users/macbook/.gradle/caches/modules-2/files-2.1/net.bytebuddy/byte-buddy-agent/1.17.7/fbf3d6d649ed37fc9e9c59480a05be0a26e3c2da/byte-buddy-agent-1.17.7.jar)
WARNING: If a serviceability tool is in use, please run with -XX:+EnableDynamicAgentLoading to hide this warning
WARNING: If a serviceability tool is not in use, please run with -Djdk.instrument.traceUsage for more information
WARNING: Dynamic loading of agents will be disallowed by default in a future release
]]></system-err>
</testsuite>
