<?xml version="1.0" encoding="UTF-8"?>
<testsuite name="htwwebtech.webtech.WebtechApplicationTests" tests="1" skipped="0" failures="0" errors="0" timestamp="2025-12-05T09:31:24.221Z" hostname="MacBook-Pro-von-macbook.local" time="0.474">
  <properties/>
  <testcase name="contextLoads()" classname="htwwebtech.webtech.WebtechApplicationTests" time="0.474"/>
  <system-out><![CDATA[10:31:19.045 [Test worker] INFO org.springframework.test.context.support.AnnotationConfigContextLoaderUtils -- Could not detect default configuration classes for test class [htwwebtech.webtech.WebtechApplicationTests]: WebtechApplicationTests does not declare any static, non-private, non-final, nested classes annotated with @Configuration.
10:31:19.187 [Test worker] INFO org.springframework.boot.test.context.SpringBootTestContextBootstrapper -- Found @SpringBootConfiguration htwwebtech.webtech.WebtechApplication for test class htwwebtech.webtech.WebtechApplicationTests

  .   ____          _            __ _ _
 /\\ / ___'_ __ _ _(_)_ __  __ _ \ \ \ \
( ( )\___ | '_ | '_| | '_ \/ _` | \ \ \ \
 \\/  ___)| |_)| | | | | || (_| |  ) ) ) )
  '  |____| .__|_| |_|_| |_\__, | / / / /
 =========|_|==============|___/=/_/_/_/

 :: Spring Boot ::                (v3.5.6)

2025-12-05T10:31:19.637+01:00  INFO 1847 --- [webtech] [    Test worker] h.webtech.WebtechApplicationTests        : Starting WebtechApplicationTests using Java 21.0.7 with PID 1847 (started by macbook in /Users/macbook/Desktop/klausur-pz2-enrico20020/webtech-backend)
2025-12-05T10:31:19.639+01:00  INFO 1847 --- [webtech] [    Test worker] h.webtech.WebtechApplicationTests        : No active profile set, falling back to 1 default profile: "default"
2025-12-05T10:31:20.260+01:00  INFO 1847 --- [webtech] [    Test worker] .s.d.r.c.RepositoryConfigurationDelegate : Bootstrapping Spring Data JPA repositories in DEFAULT mode.
2025-12-05T10:31:20.328+01:00  INFO 1847 --- [webtech] [    Test worker] .s.d.r.c.RepositoryConfigurationDelegate : Finished Spring Data repository scanning in 57 ms. Found 1 JPA repository interface.
2025-12-05T10:31:20.815+01:00  INFO 1847 --- [webtech] [    Test worker] o.hibernate.jpa.internal.util.LogHelper  : HHH000204: Processing PersistenceUnitInfo [name: default]
2025-12-05T10:31:20.870+01:00  INFO 1847 --- [webtech] [    Test worker] org.hibernate.Version                    : HHH000412: Hibernate ORM core version 6.6.29.Final
2025-12-05T10:31:20.912+01:00  INFO 1847 --- [webtech] [    Test worker] o.h.c.internal.RegionFactoryInitiator    : HHH000026: Second-level cache disabled
2025-12-05T10:31:21.211+01:00  INFO 1847 --- [webtech] [    Test worker] o.s.o.j.p.SpringPersistenceUnitInfo      : No LoadTimeWeaver setup: ignoring JPA class transformer
2025-12-05T10:31:21.241+01:00  INFO 1847 --- [webtech] [    Test worker] com.zaxxer.hikari.HikariDataSource       : HikariPool-1 - Starting...
2025-12-05T10:31:22.392+01:00  INFO 1847 --- [webtech] [    Test worker] com.zaxxer.hikari.pool.HikariPool        : HikariPool-1 - Added connection org.postgresql.jdbc.PgConnection@bb50de6
2025-12-05T10:31:22.394+01:00  INFO 1847 --- [webtech] [    Test worker] com.zaxxer.hikari.HikariDataSource       : HikariPool-1 - Start completed.
2025-12-05T10:31:22.438+01:00  WARN 1847 --- [webtech] [    Test worker] org.hibernate.orm.deprecation            : HHH90000025: PostgreSQLDialect does not need to be specified explicitly using 'hibernate.dialect' (remove the property setting and it will be selected by default)
2025-12-05T10:31:22.508+01:00  INFO 1847 --- [webtech] [    Test worker] org.hibernate.orm.connections.pooling    : HHH10001005: Database info:
	Database JDBC URL [Connecting through datasource 'HikariDataSource (HikariPool-1)']
	Database driver: undefined/unknown
	Database version: 18.1
	Autocommit mode: undefined/unknown
	Isolation level: undefined/unknown
	Minimum pool size: undefined/unknown
	Maximum pool size: undefined/unknown
2025-12-05T10:31:23.262+01:00  INFO 1847 --- [webtech] [    Test worker] o.h.e.t.j.p.i.JtaPlatformInitiator       : HHH000489: No JTA platform available (set 'hibernate.transaction.jta.platform' to enable JTA platform integration)
2025-12-05T10:31:23.388+01:00  INFO 1847 --- [webtech] [    Test worker] j.LocalContainerEntityManagerFactoryBean : Initialized JPA EntityManagerFactory for persistence unit 'default'
2025-12-05T10:31:23.712+01:00  WARN 1847 --- [webtech] [    Test worker] JpaBaseConfiguration$JpaWebConfiguration : spring.jpa.open-in-view is enabled by default. Therefore, database queries may be performed during view rendering. Explicitly configure spring.jpa.open-in-view to disable this warning
2025-12-05T10:31:24.202+01:00  INFO 1847 --- [webtech] [    Test worker] h.webtech.WebtechApplicationTests        : Started WebtechApplicationTests in 4.856 seconds (process running for 6.077)
]]></system-out>
  <system-err><![CDATA[Mockito is currently self-attaching to enable the inline-mock-maker. This will no longer work in future releases of the JDK. Please add Mockito as an agent to your build as described in Mockito's documentation: https://javadoc.io/doc/org.mockito/mockito-core/latest/org.mockito/org/mockito/Mockito.html#0.3
WARNING: A Java agent has been loaded dynamically (/Users/macbook/.gradle/caches/modules-2/files-2.1/net.bytebuddy/byte-buddy-agent/1.17.7/fbf3d6d649ed37fc9e9c59480a05be0a26e3c2da/byte-buddy-agent-1.17.7.jar)
WARNING: If a serviceability tool is in use, please run with -XX:+EnableDynamicAgentLoading to hide this warning
WARNING: If a serviceability tool is not in use, please run with -Djdk.instrument.traceUsage for more information
WARNING: Dynamic loading of agents will be disallowed by default in a future release
]]></system-err>
</testsuite>
